Using pre-set license
Built from '2020.2/release' branch; Version is '2020.2.0f1 (3721df5a8b28) revision 3613151'; Using compiler version '192528614'; Build Type 'Release'
OS: 'Windows 10  (10.0.0) 64bit' Language: 'en' Physical Memory: 16233 MB
BatchMode: 1, IsHumanControllingUs: 0, StartBugReporterOnCrash: 0, Is64bit: 1, IsPro: 0

 COMMAND LINE ARGUMENTS:
C:\Program Files\Unity\Hub\Editor\2020.2.0f1\Editor\Unity.exe
-adb2
-batchMode
-noUpm
-name
AssetImportWorker0
-projectPath
C:/Users/herbe/Maze
-logFile
Logs/AssetImportWorker0.log
-srvPort
58678
Successfully changed project path to: C:/Users/herbe/Maze
C:/Users/herbe/Maze
Using Asset Import Pipeline V2.
Refreshing native plugins compatible for Editor in 22.37 ms, found 0 plugins.
Preloading 0 native plugins for Editor in 0.00 ms.
Initialize engine version: 2020.2.0f1 (3721df5a8b28)
[Subsystems] Discovering subsystems at path C:/Program Files/Unity/Hub/Editor/2020.2.0f1/Editor/Data/Resources/UnitySubsystems
[Subsystems] Discovering subsystems at path C:/Users/herbe/Maze/Assets
GfxDevice: creating device client; threaded=0
Direct3D:
    Version:  Direct3D 11.0 [level 11.1]
    Renderer: NVIDIA GeForce GTX 1660 Ti (ID=0x2191)
    Vendor:   
    VRAM:     5991 MB
    Driver:   27.21.14.5709
Initialize mono
Mono path[0] = 'C:/Program Files/Unity/Hub/Editor/2020.2.0f1/Editor/Data/Managed'
Mono path[1] = 'C:/Program Files/Unity/Hub/Editor/2020.2.0f1/Editor/Data/MonoBleedingEdge/lib/mono/unityjit'
Mono config path = 'C:/Program Files/Unity/Hub/Editor/2020.2.0f1/Editor/Data/MonoBleedingEdge/etc'
Using monoOptions --debugger-agent=transport=dt_socket,embedding=1,server=y,suspend=n,address=127.0.0.1:56316
Begin MonoManager ReloadAssembly
Registering precompiled unity dll's ...
Register platform support module: C:/Program Files/Unity/Hub/Editor/2020.2.0f1/Editor/Data/PlaybackEngines/WindowsStandaloneSupport/UnityEditor.WindowsStandalone.Extensions.dll
Registered in 0.001874 seconds.
Native extension for WindowsStandalone target not found
Refreshing native plugins compatible for Editor in 25.01 ms, found 0 plugins.
Preloading 0 native plugins for Editor in 0.00 ms.
Invoked RoslynAnalysisRunner static constructor.
RoslynAnalysisRunner will not be running.
RoslynAnalysisRunner has terminated.
Mono: successfully reloaded assembly
- Completed reload, in  1.140 seconds
Platform modules already initialized, skipping
Registering precompiled user dll's ...
Registered in 0.000694 seconds.
Begin MonoManager ReloadAssembly
Native extension for WindowsStandalone target not found
Refreshing native plugins compatible for Editor in 0.32 ms, found 0 plugins.
Preloading 0 native plugins for Editor in 0.00 ms.
Invoked RoslynAnalysisRunner static constructor.
RoslynAnalysisRunner will not be running.
RoslynAnalysisRunner has terminated.
Mono: successfully reloaded assembly
- Completed reload, in  1.022 seconds
Platform modules already initialized, skipping
========================================================================
Worker process is ready to serve import requests
Launched and connected shader compiler UnityShaderCompiler.exe after 0.05 seconds
Refreshing native plugins compatible for Editor in 0.23 ms, found 0 plugins.
Preloading 0 native plugins for Editor in 0.00 ms.
Unloading 1098 Unused Serialized files (Serialized files now loaded: 0)
System memory in use before: 56.8 MB.
System memory in use after: 56.9 MB.

Unloading 10 unused Assets to reduce memory usage. Loaded Objects now: 1540.
Total: 2.191100 ms (FindLiveObjects: 0.146200 ms CreateObjectMapping: 0.048300 ms MarkObjects: 1.929200 ms  DeleteObjects: 0.066100 ms)

========================================================================
Received Import Request.
  path: Assets/Scripts/MazeGenerator.cs
  artifactKey: Guid(efad925f076cc0f4a971e62103943ac5) Importer(815301076,1909f56bfc062723c751e8b465ee728b)
Start importing Assets/Scripts/MazeGenerator.cs using Guid(efad925f076cc0f4a971e62103943ac5) Importer(815301076,1909f56bfc062723c751e8b465ee728b)  -> (artifact id: '917e48444e82ec543a45d5dbd624164a') in 0.027739 seconds
  Import took 0.029794 seconds .

========================================================================
Received Import Request.
  Time since last request: 172.917251 seconds.
  path: Assets/Scripts/MazeRenderer.cs
  artifactKey: Guid(f257495120db72842b63cc60cae175de) Importer(815301076,1909f56bfc062723c751e8b465ee728b)
Start importing Assets/Scripts/MazeRenderer.cs using Guid(f257495120db72842b63cc60cae175de) Importer(815301076,1909f56bfc062723c751e8b465ee728b)  -> (artifact id: 'c71e1837e4c0fb5e4591251544a32c74') in 0.013186 seconds
  Import took 0.016050 seconds .

========================================================================
Received Import Request.
  Time since last request: 0.002112 seconds.
  path: Assets/Scripts/MazeRenderer.cs
  artifactKey: Guid(f257495120db72842b63cc60cae175de) Importer(815301076,1909f56bfc062723c751e8b465ee728b)
Start importing Assets/Scripts/MazeRenderer.cs using Guid(f257495120db72842b63cc60cae175de) Importer(815301076,1909f56bfc062723c751e8b465ee728b)  -> (artifact id: 'c71e1837e4c0fb5e4591251544a32c74') in 0.004577 seconds
  Import took 0.008931 seconds .

========================================================================
Received Import Request.
  Time since last request: 76.113224 seconds.
  path: Assets/Scripts/MazeRenderer.cs
  artifactKey: Guid(f257495120db72842b63cc60cae175de) Importer(815301076,1909f56bfc062723c751e8b465ee728b)
Start importing Assets/Scripts/MazeRenderer.cs using Guid(f257495120db72842b63cc60cae175de) Importer(815301076,1909f56bfc062723c751e8b465ee728b)  -> (artifact id: 'eef3a7c41860e7e80a8ae956d2f1f574') in 0.003969 seconds
  Import took 0.007864 seconds .

========================================================================
Received Import Request.
  Time since last request: 0.004898 seconds.
  path: Assets/Scripts/MazeRenderer.cs
  artifactKey: Guid(f257495120db72842b63cc60cae175de) Importer(815301076,1909f56bfc062723c751e8b465ee728b)
Start importing Assets/Scripts/MazeRenderer.cs using Guid(f257495120db72842b63cc60cae175de) Importer(815301076,1909f56bfc062723c751e8b465ee728b)  -> (artifact id: 'eef3a7c41860e7e80a8ae956d2f1f574') in 0.005978 seconds
  Import took 0.008506 seconds .

========================================================================
Received Import Request.
  Time since last request: 25.881055 seconds.
  path: Assets/Scripts/MazeRenderer.cs
  artifactKey: Guid(f257495120db72842b63cc60cae175de) Importer(815301076,1909f56bfc062723c751e8b465ee728b)
Start importing Assets/Scripts/MazeRenderer.cs using Guid(f257495120db72842b63cc60cae175de) Importer(815301076,1909f56bfc062723c751e8b465ee728b)  -> (artifact id: '6182ea08594ebe8e9c4d02f4bdc213c6') in 0.003121 seconds
  Import took 0.005363 seconds .

========================================================================
Received Import Request.
  Time since last request: 0.002330 seconds.
  path: Assets/Scripts/MazeRenderer.cs
  artifactKey: Guid(f257495120db72842b63cc60cae175de) Importer(815301076,1909f56bfc062723c751e8b465ee728b)
Start importing Assets/Scripts/MazeRenderer.cs using Guid(f257495120db72842b63cc60cae175de) Importer(815301076,1909f56bfc062723c751e8b465ee728b)  -> (artifact id: '6182ea08594ebe8e9c4d02f4bdc213c6') in 0.005261 seconds
  Import took 0.007640 seconds .

========================================================================
Received Prepare
Registering precompiled user dll's ...
Registered in 0.000704 seconds.
Begin MonoManager ReloadAssembly
Native extension for WindowsStandalone target not found
Refreshing native plugins compatible for Editor in 0.60 ms, found 0 plugins.
Preloading 0 native plugins for Editor in 0.00 ms.
Invoked RoslynAnalysisRunner static constructor.
RoslynAnalysisRunner will not be running.
RoslynAnalysisRunner has terminated.
Mono: successfully reloaded assembly
- Completed reload, in  0.727 seconds
Platform modules already initialized, skipping
Refreshing native plugins compatible for Editor in 0.21 ms, found 0 plugins.
Preloading 0 native plugins for Editor in 0.00 ms.
Unloading 1093 Unused Serialized files (Serialized files now loaded: 0)
System memory in use before: 57.1 MB.
System memory in use after: 57.2 MB.

Unloading 5 unused Assets to reduce memory usage. Loaded Objects now: 1542.
Total: 1.801900 ms (FindLiveObjects: 0.176800 ms CreateObjectMapping: 0.037300 ms MarkObjects: 1.548200 ms  DeleteObjects: 0.038400 ms)

========================================================================
Received Import Request.
  Time since last request: 35.763736 seconds.
  path: Assets/Scripts/MazeRenderer.cs
  artifactKey: Guid(f257495120db72842b63cc60cae175de) Importer(815301076,1909f56bfc062723c751e8b465ee728b)
Start importing Assets/Scripts/MazeRenderer.cs using Guid(f257495120db72842b63cc60cae175de) Importer(815301076,1909f56bfc062723c751e8b465ee728b)  -> (artifact id: 'c3d117285e280cc04300c9d066335e08') in 0.005048 seconds
  Import took 0.007195 seconds .

========================================================================
Received Import Request.
  Time since last request: 0.001120 seconds.
  path: Assets/Scripts/MazeRenderer.cs
  artifactKey: Guid(f257495120db72842b63cc60cae175de) Importer(815301076,1909f56bfc062723c751e8b465ee728b)
Start importing Assets/Scripts/MazeRenderer.cs using Guid(f257495120db72842b63cc60cae175de) Importer(815301076,1909f56bfc062723c751e8b465ee728b)  -> (artifact id: 'c3d117285e280cc04300c9d066335e08') in 0.002941 seconds
  Import took 0.005102 seconds .

========================================================================
Received Prepare
Registering precompiled user dll's ...
Registered in 0.000663 seconds.
Begin MonoManager ReloadAssembly
Native extension for WindowsStandalone target not found
Refreshing native plugins compatible for Editor in 0.21 ms, found 0 plugins.
Preloading 0 native plugins for Editor in 0.00 ms.
Invoked RoslynAnalysisRunner static constructor.
RoslynAnalysisRunner will not be running.
RoslynAnalysisRunner has terminated.
Mono: successfully reloaded assembly
- Completed reload, in  0.766 seconds
Platform modules already initialized, skipping
Refreshing native plugins compatible for Editor in 0.19 ms, found 0 plugins.
Preloading 0 native plugins for Editor in 0.00 ms.
Unloading 1093 Unused Serialized files (Serialized files now loaded: 0)
System memory in use before: 57.4 MB.
System memory in use after: 57.5 MB.

Unloading 5 unused Assets to reduce memory usage. Loaded Objects now: 1544.
Total: 1.553600 ms (FindLiveObjects: 0.140800 ms CreateObjectMapping: 0.033400 ms MarkObjects: 1.323100 ms  DeleteObjects: 0.055200 ms)

========================================================================
Received Import Request.
  Time since last request: 61.355501 seconds.
  path: Assets/Scripts/MazeRenderer.cs
  artifactKey: Guid(f257495120db72842b63cc60cae175de) Importer(815301076,1909f56bfc062723c751e8b465ee728b)
Start importing Assets/Scripts/MazeRenderer.cs using Guid(f257495120db72842b63cc60cae175de) Importer(815301076,1909f56bfc062723c751e8b465ee728b)  -> (artifact id: 'cdcfbcdf0825e627cd2281e67f830d5e') in 0.004386 seconds
  Import took 0.006053 seconds .

========================================================================
Received Import Request.
  Time since last request: 1.485189 seconds.
  path: Assets/Scripts/MazeRenderer.cs
  artifactKey: Guid(f257495120db72842b63cc60cae175de) Importer(815301076,1909f56bfc062723c751e8b465ee728b)
Start importing Assets/Scripts/MazeRenderer.cs using Guid(f257495120db72842b63cc60cae175de) Importer(815301076,1909f56bfc062723c751e8b465ee728b)  -> (artifact id: 'cdcfbcdf0825e627cd2281e67f830d5e') in 0.002854 seconds
  Import took 0.004743 seconds .

========================================================================
Received Prepare
Registering precompiled user dll's ...
Registered in 0.000613 seconds.
Begin MonoManager ReloadAssembly
Native extension for WindowsStandalone target not found
Refreshing native plugins compatible for Editor in 0.21 ms, found 0 plugins.
Preloading 0 native plugins for Editor in 0.00 ms.
Invoked RoslynAnalysisRunner static constructor.
RoslynAnalysisRunner will not be running.
RoslynAnalysisRunner has terminated.
Mono: successfully reloaded assembly
- Completed reload, in  0.703 seconds
Platform modules already initialized, skipping
Refreshing native plugins compatible for Editor in 0.21 ms, found 0 plugins.
Preloading 0 native plugins for Editor in 0.00 ms.
Unloading 1093 Unused Serialized files (Serialized files now loaded: 0)
System memory in use before: 57.6 MB.
System memory in use after: 57.6 MB.

Unloading 5 unused Assets to reduce memory usage. Loaded Objects now: 1546.
Total: 1.402800 ms (FindLiveObjects: 0.124900 ms CreateObjectMapping: 0.032100 ms MarkObjects: 1.213800 ms  DeleteObjects: 0.031100 ms)

========================================================================
Received Prepare
Registering precompiled user dll's ...
Registered in 0.001284 seconds.
Begin MonoManager ReloadAssembly
Native extension for WindowsStandalone target not found
Refreshing native plugins compatible for Editor in 0.18 ms, found 0 plugins.
Preloading 0 native plugins for Editor in 0.00 ms.
Invoked RoslynAnalysisRunner static constructor.
RoslynAnalysisRunner will not be running.
RoslynAnalysisRunner has terminated.
Mono: successfully reloaded assembly
- Completed reload, in  0.679 seconds
Platform modules already initialized, skipping
Refreshing native plugins compatible for Editor in 0.20 ms, found 0 plugins.
Preloading 0 native plugins for Editor in 0.00 ms.
Unloading 1093 Unused Serialized files (Serialized files now loaded: 0)
System memory in use before: 58.0 MB.
System memory in use after: 58.1 MB.

Unloading 5 unused Assets to reduce memory usage. Loaded Objects now: 1548.
Total: 1.683200 ms (FindLiveObjects: 0.133400 ms CreateObjectMapping: 0.037600 ms MarkObjects: 1.476200 ms  DeleteObjects: 0.035200 ms)

========================================================================
Received Prepare
Registering precompiled user dll's ...
Registered in 0.000670 seconds.
Begin MonoManager ReloadAssembly
Native extension for WindowsStandalone target not found
Refreshing native plugins compatible for Editor in 0.20 ms, found 0 plugins.
Preloading 0 native plugins for Editor in 0.00 ms.
Invoked RoslynAnalysisRunner static constructor.
RoslynAnalysisRunner will not be running.
RoslynAnalysisRunner has terminated.
Mono: successfully reloaded assembly
- Completed reload, in  0.688 seconds
Platform modules already initialized, skipping
Refreshing native plugins compatible for Editor in 0.22 ms, found 0 plugins.
Preloading 0 native plugins for Editor in 0.00 ms.
Unloading 1093 Unused Serialized files (Serialized files now loaded: 0)
System memory in use before: 58.3 MB.
System memory in use after: 58.4 MB.

Unloading 5 unused Assets to reduce memory usage. Loaded Objects now: 1550.
Total: 1.661600 ms (FindLiveObjects: 0.134000 ms CreateObjectMapping: 0.042100 ms MarkObjects: 1.447500 ms  DeleteObjects: 0.036800 ms)

========================================================================
Received Prepare
Registering precompiled user dll's ...
Registered in 0.000693 seconds.
Begin MonoManager ReloadAssembly
Native extension for WindowsStandalone target not found
Refreshing native plugins compatible for Editor in 0.69 ms, found 0 plugins.
Preloading 0 native plugins for Editor in 0.00 ms.
Invoked RoslynAnalysisRunner static constructor.
RoslynAnalysisRunner will not be running.
RoslynAnalysisRunner has terminated.
Mono: successfully reloaded assembly
- Completed reload, in  1.057 seconds
Platform modules already initialized, skipping
Refreshing native plugins compatible for Editor in 0.23 ms, found 0 plugins.
Preloading 0 native plugins for Editor in 0.00 ms.
Unloading 1093 Unused Serialized files (Serialized files now loaded: 0)
System memory in use before: 58.6 MB.
System memory in use after: 58.6 MB.

Unloading 5 unused Assets to reduce memory usage. Loaded Objects now: 1552.
Total: 1.518200 ms (FindLiveObjects: 0.186200 ms CreateObjectMapping: 0.058600 ms MarkObjects: 1.236700 ms  DeleteObjects: 0.035800 ms)

AssetImportWorkerClient::OnTransportError - code=2 error=End of file
